<?xml version="1.0" encoding="UTF-8"?>
<robot generator="Robot 4.1.2 (Python 3.10.0 on win32)" generated="20211202 23:12:03.461" rpa="false" schemaversion="2">
<suite id="s1" name="Test" source="D:\VSCODE\Automate Testing Practice\Test">
<suite id="s1-s1" name="Test" source="D:\VSCODE\Automate Testing Practice\Test\Test.robot">
<test id="s1-s1-t1" name="TC-1.1 User choose IPD/OPD product successed">
<kw name="Open Browser" library="SeleniumLibrary">
<arg>${URL}</arg>
<arg>${Browser}</arg>
<doc>Opens a new browser instance to the optional ``url``.</doc>
<msg timestamp="20211202 23:12:03.832" level="INFO">Opening browser 'Chrome' to base url 'https://staging-finance.rabbitinternet.com/en/product/health-insurance/questions'.</msg>
<status status="PASS" starttime="20211202 23:12:03.831" endtime="20211202 23:12:07.183"/>
</kw>
<kw name="Click Element" library="SeleniumLibrary">
<arg>xpath=//label[@for='product_category-ipdOpd']</arg>
<doc>Click the element identified by ``locator``.</doc>
<msg timestamp="20211202 23:12:07.185" level="INFO">Clicking element 'xpath=//label[@for='product_category-ipdOpd']'.</msg>
<status status="PASS" starttime="20211202 23:12:07.184" endtime="20211202 23:12:07.422"/>
</kw>
<kw name="Log To Console" library="BuiltIn">
<arg>${message1}</arg>
<doc>Logs the given message to the console.</doc>
<status status="PASS" starttime="20211202 23:12:07.423" endtime="20211202 23:12:07.424"/>
</kw>
<kw name="Click Element" library="SeleniumLibrary">
<arg>xpath=//label[contains(text(),'I want to buy a new healthcare (IPD/OPD) policy or')]</arg>
<doc>Click the element identified by ``locator``.</doc>
<msg timestamp="20211202 23:12:07.426" level="INFO">Clicking element 'xpath=//label[contains(text(),'I want to buy a new healthcare (IPD/OPD) policy or')]'.</msg>
<status status="PASS" starttime="20211202 23:12:07.425" endtime="20211202 23:12:07.911"/>
</kw>
<kw name="Log To Console" library="BuiltIn">
<arg>${message2}</arg>
<doc>Logs the given message to the console.</doc>
<status status="PASS" starttime="20211202 23:12:07.912" endtime="20211202 23:12:07.914"/>
</kw>
<kw name="Click Element" library="SeleniumLibrary">
<arg>xpath=//label[normalize-space()='Elite (Coverage above 5M THB)']</arg>
<doc>Click the element identified by ``locator``.</doc>
<msg timestamp="20211202 23:12:07.916" level="INFO">Clicking element 'xpath=//label[normalize-space()='Elite (Coverage above 5M THB)']'.</msg>
<status status="PASS" starttime="20211202 23:12:07.915" endtime="20211202 23:12:08.058"/>
</kw>
<kw name="Log To Console" library="BuiltIn">
<arg>${message3}</arg>
<doc>Logs the given message to the console.</doc>
<status status="PASS" starttime="20211202 23:12:08.059" endtime="20211202 23:12:08.060"/>
</kw>
<kw name="Log To Console" library="BuiltIn">
<arg>${message4}</arg>
<doc>Logs the given message to the console.</doc>
<status status="PASS" starttime="20211202 23:12:08.061" endtime="20211202 23:12:08.063"/>
</kw>
<status status="PASS" starttime="20211202 23:12:03.829" endtime="20211202 23:12:08.064"/>
</test>
<status status="PASS" starttime="20211202 23:12:03.501" endtime="20211202 23:12:08.067"/>
</suite>
<status status="PASS" starttime="20211202 23:12:03.463" endtime="20211202 23:12:08.072"/>
</suite>
<statistics>
<total>
<stat pass="1" fail="0" skip="0">All Tests</stat>
</total>
<tag>
</tag>
<suite>
<stat pass="1" fail="0" skip="0" id="s1" name="Test">Test</stat>
<stat pass="1" fail="0" skip="0" id="s1-s1" name="Test">Test.Test</stat>
</suite>
</statistics>
<errors>
</errors>
</robot>
